[2024-11-21 19:58:35] [CRITICAL] Не удалось открыть файл базы данных клиентов.
[2024-11-21 20:05:55] [ERROR] Клиент не найден: user9702A79F97594322027FD31808AF77F93AA13F7B01978B471ADB28ED7DC3ADFAC8DF8A966BFA234B
[2024-11-21 20:32:10] [CRITICAL] Ошибка привязки сокета.
[2024-11-21 20:32:13] [CRITICAL] Ошибка привязки сокета.
[2024-11-21 20:32:21] [CRITICAL] Ошибка привязки сокета.
[2024-11-21 20:32:34] [CRITICAL] Ошибка привязки сокета.
[2024-11-21 20:32:39] [CRITICAL] Ошибка привязки сокета.
[2024-11-21 20:33:04] [CRITICAL] Ошибка привязки сокета.
[2024-11-21 20:43:28] [CRITICAL] Ошибка привязки сокета.
[2024-11-21 20:43:32] [CRITICAL] Ошибка привязки сокета.
[2024-11-21 20:43:54] [CRITICAL] Ошибка привязки сокета.
[2024-11-21 20:43:55] [CRITICAL] Ошибка привязки сокета.
[2024-11-21 20:53:19] [CRITICAL] Ошибка привязки сокета.
[2024-11-21 20:53:40] [CRITICAL] Ошибка привязки сокета.
[2024-11-21 20:53:41] [CRITICAL] Ошибка привязки сокета.
[2024-11-21 20:53:42] [CRITICAL] Ошибка привязки сокета.
[2024-11-21 20:53:42] [CRITICAL] Ошибка привязки сокета.
[2024-11-21 20:53:43] [CRITICAL] Ошибка привязки сокета.
[2024-11-21 20:53:43] [CRITICAL] Ошибка привязки сокета.
[2024-11-21 20:53:44] [CRITICAL] Ошибка привязки сокета.
[2024-11-21 20:53:44] [CRITICAL] Ошибка привязки сокета.
[2024-11-21 20:53:46] [CRITICAL] Ошибка привязки сокета.
[2024-11-21 20:58:16] [CRITICAL] Ошибка привязки сокета.
[2024-11-21 20:58:33] [CRITICAL] Ошибка привязки сокета.
[2024-11-21 21:03:33] [CRITICAL] Ошибка привязки сокета.
[2024-11-21 21:10:08] [CRITICAL] Ошибка привязки сокета.
[2024-11-21 21:11:53] [CRITICAL] Ошибка привязки сокета.
[2024-11-21 21:11:54] [CRITICAL] Ошибка привязки сокета.
[2024-11-21 21:14:43] [CRITICAL] Ошибка привязки сокета.
[2024-11-21 21:15:34] [CRITICAL] Ошибка привязки сокета.
[2024-11-21 21:15:36] [CRITICAL] Ошибка привязки сокета.
[2024-11-21 21:16:59] [CRITICAL] Ошибка привязки сокета.
[2024-11-21 21:17:23] [CRITICAL] Ошибка привязки сокета.
[2024-11-21 21:18:23] [CRITICAL] Ошибка привязки сокета.
[2024-11-28 22:51:48] [CRITICAL] Ошибка привязки сокета.
[2024-11-28 22:51:56] [CRITICAL] Ошибка привязки сокета.
[2024-11-28 22:52:10] [CRITICAL] Ошибка привязки сокета.
[2024-11-28 22:53:31] [CRITICAL] Ошибка привязки сокета.
[2024-11-28 22:53:32] [CRITICAL] Ошибка привязки сокета.
[2024-11-28 22:53:33] [CRITICAL] Ошибка привязки сокета.
[2024-11-28 22:53:52] [CRITICAL] Ошибка привязки сокета.
[2024-11-28 22:53:52] [CRITICAL] Ошибка привязки сокета.
[2024-11-28 22:53:53] [CRITICAL] Ошибка привязки сокета.
[2024-11-28 22:54:12] [CRITICAL] Ошибка привязки сокета.
[2024-11-28 22:54:13] [CRITICAL] Ошибка привязки сокета.
[2024-11-28 22:54:14] [CRITICAL] Ошибка привязки сокета.
[2024-11-28 22:54:15] [CRITICAL] Ошибка привязки сокета.
[2024-11-28 22:54:57] [CRITICAL] Ошибка привязки сокета.
[2024-11-28 22:54:58] [CRITICAL] Ошибка привязки сокета.
[2024-11-28 22:54:58] [CRITICAL] Ошибка привязки сокета.
[2024-11-28 22:54:59] [CRITICAL] Ошибка привязки сокета.
[2024-11-28 22:54:59] [CRITICAL] Ошибка привязки сокета.
[2024-11-28 22:55:01] [CRITICAL] Ошибка привязки сокета.
[2024-11-28 22:56:21] [CRITICAL] Ошибка привязки сокета.
[2024-11-28 22:56:42] [CRITICAL] Ошибка привязки сокета.
[2024-11-28 22:56:42] [CRITICAL] Ошибка привязки сокета.
[2024-11-28 22:56:43] [CRITICAL] Ошибка привязки сокета.
[2024-11-28 22:56:43] [CRITICAL] Ошибка привязки сокета.
[2024-11-28 22:56:44] [CRITICAL] Ошибка привязки сокета.
[2024-11-28 22:56:44] [CRITICAL] Ошибка привязки сокета.
[2024-11-28 22:56:44] [CRITICAL] Ошибка привязки сокета.
[2024-11-28 22:56:45] [CRITICAL] Ошибка привязки сокета.
[2024-11-28 22:56:45] [CRITICAL] Ошибка привязки сокета.
[2024-11-28 22:56:46] [CRITICAL] Ошибка привязки сокета.
[2024-11-28 23:02:24] [CRITICAL] Ошибка привязки сокета.
[2024-11-28 23:02:26] [CRITICAL] Ошибка привязки сокета.
[2024-11-28 23:05:40] [CRITICAL] Ошибка привязки сокета.
[2024-11-28 23:05:40] [CRITICAL] Ошибка привязки сокета.
[2024-11-28 23:05:41] [CRITICAL] Ошибка привязки сокета.
[2024-11-28 23:05:41] [CRITICAL] Ошибка привязки сокета.
[2024-11-28 23:05:42] [CRITICAL] Ошибка привязки сокета.
[2024-11-28 23:05:43] [CRITICAL] Ошибка привязки сокета.
[2024-11-28 23:05:44] [CRITICAL] Ошибка привязки сокета.
[2024-11-28 23:05:44] [CRITICAL] Ошибка привязки сокета.
[2024-11-28 23:05:44] [CRITICAL] Ошибка привязки сокета.
[2024-11-28 23:05:44] [CRITICAL] Ошибка привязки сокета.
[2024-11-28 23:05:45] [CRITICAL] Ошибка привязки сокета.
[2024-11-28 23:05:45] [CRITICAL] Ошибка привязки сокета.
[2024-11-28 23:05:45] [CRITICAL] Ошибка привязки сокета.
[2024-11-28 23:05:45] [CRITICAL] Ошибка привязки сокета.
[2024-11-28 23:05:46] [CRITICAL] Ошибка привязки сокета.
[2024-11-28 23:05:46] [CRITICAL] Ошибка привязки сокета.
[2024-11-28 23:05:46] [CRITICAL] Ошибка привязки сокета.
[2024-11-28 23:05:47] [CRITICAL] Ошибка привязки сокета.
[2024-11-28 23:05:47] [CRITICAL] Ошибка привязки сокета.
[2024-11-28 23:05:47] [CRITICAL] Ошибка привязки сокета.
[2024-11-28 23:32:13] [CRITICAL] Ошибка привязки сокета.
[2024-11-28 23:32:15] [CRITICAL] Ошибка привязки сокета.
[2024-11-28 23:32:20] [CRITICAL] Ошибка привязки сокета.
[2024-11-28 23:32:26] [CRITICAL] Ошибка привязки сокета.
[2024-11-28 23:32:28] [CRITICAL] Ошибка привязки сокета.
[2024-11-28 23:32:28] [CRITICAL] Ошибка привязки сокета.
[2024-11-28 23:32:29] [CRITICAL] Ошибка привязки сокета.
[2024-11-28 23:32:29] [CRITICAL] Ошибка привязки сокета.
[2024-11-28 23:33:12] [CRITICAL] Ошибка привязки сокета.
[2024-11-28 23:33:15] [CRITICAL] Ошибка привязки сокета.
[2024-11-28 23:33:25] [CRITICAL] Ошибка привязки сокета.
[2024-11-28 23:33:33] [CRITICAL] Ошибка привязки сокета.
[2024-11-28 23:33:35] [CRITICAL] Ошибка привязки сокета.
[2024-11-28 23:33:36] [CRITICAL] Ошибка привязки сокета.
[2024-11-28 23:33:37] [CRITICAL] Ошибка привязки сокета.
[2024-11-28 23:33:37] [CRITICAL] Ошибка привязки сокета.
[2024-11-28 23:33:38] [CRITICAL] Ошибка привязки сокета.
[2024-11-28 23:33:38] [CRITICAL] Ошибка привязки сокета.
[2024-11-28 23:33:39] [CRITICAL] Ошибка привязки сокета.
[2024-11-28 23:33:39] [CRITICAL] Ошибка привязки сокета.
[2024-11-28 23:33:39] [CRITICAL] Ошибка привязки сокета.
[2024-11-28 23:33:40] [CRITICAL] Ошибка привязки сокета.
[2024-11-28 23:33:42] [CRITICAL] Ошибка привязки сокета.
[2024-11-28 23:33:43] [CRITICAL] Ошибка привязки сокета.
[2024-11-28 23:33:44] [CRITICAL] Ошибка привязки сокета.
[2024-11-28 23:33:44] [CRITICAL] Ошибка привязки сокета.
[2024-11-28 23:33:44] [CRITICAL] Ошибка привязки сокета.
[2024-11-28 23:33:45] [CRITICAL] Ошибка привязки сокета.
[2024-11-28 23:33:45] [CRITICAL] Ошибка привязки сокета.
[2024-11-28 23:33:46] [CRITICAL] Ошибка привязки сокета.
[2024-11-28 23:34:04] [CRITICAL] Ошибка привязки сокета.
[2024-11-28 23:34:10] [CRITICAL] Ошибка привязки сокета.
[2024-11-28 23:34:10] [CRITICAL] Ошибка привязки сокета.
[2024-11-28 23:34:11] [CRITICAL] Ошибка привязки сокета.
[2024-11-28 23:34:11] [CRITICAL] Ошибка привязки сокета.
[2024-11-28 23:34:12] [CRITICAL] Ошибка привязки сокета.
[2024-11-28 23:34:12] [CRITICAL] Ошибка привязки сокета.
[2024-11-28 23:34:13] [CRITICAL] Ошибка привязки сокета.
[2024-11-28 23:34:13] [CRITICAL] Ошибка привязки сокета.
[2024-11-28 23:37:36] [CRITICAL] Ошибка привязки сокета.
[2024-11-28 23:38:21] [CRITICAL] Ошибка привязки сокета.
[2024-11-28 23:38:22] [CRITICAL] Ошибка привязки сокета.
[2024-11-28 23:38:23] [CRITICAL] Ошибка привязки сокета.
[2024-11-28 23:38:35] [CRITICAL] Ошибка привязки сокета.
[2024-11-28 23:38:39] [CRITICAL] Ошибка привязки сокета.
[2024-11-28 23:40:22] [CRITICAL] Ошибка привязки сокета.
[2024-11-28 23:42:19] [CRITICAL] Ошибка привязки сокета.
[2024-11-28 23:51:00] [CRITICAL] Ошибка привязки сокета.
[2024-11-29 00:25:43] [CRITICAL] Ошибка привязки сокета.
[2024-11-29 00:28:24] [CRITICAL] Ошибка привязки сокета.
[2024-11-29 00:28:25] [CRITICAL] Ошибка привязки сокета.
[2024-11-29 00:28:26] [CRITICAL] Ошибка привязки сокета.
[2024-11-29 00:28:26] [CRITICAL] Ошибка привязки сокета.
[2024-11-29 00:28:26] [CRITICAL] Ошибка привязки сокета.
[2024-11-29 00:28:26] [CRITICAL] Ошибка привязки сокета.
[2024-11-29 00:28:28] [CRITICAL] Ошибка привязки сокета.
[2024-11-29 00:28:30] [CRITICAL] Ошибка привязки сокета.
[2024-11-29 00:30:19] [CRITICAL] Ошибка привязки сокета.
[2024-11-29 00:32:02] [CRITICAL] Ошибка привязки сокета.
[2024-11-29 00:41:55] [CRITICAL] Ошибка привязки сокета.
[2024-11-29 00:47:27] [CRITICAL] Ошибка привязки сокета.
[2024-11-29 00:49:07] [CRITICAL] Ошибка привязки сокета.
[2024-11-29 00:49:36] [ERROR] Данные клиента некорректны.
[2024-11-29 00:49:56] [ERROR] Данные клиента некорректны.
[2024-11-29 00:49:57] [ERROR] Данные клиента некорректны.
[2024-11-29 00:49:59] [ERROR] Данные клиента некорректны.
[2024-11-29 00:52:00] [CRITICAL] Ошибка привязки сокета.
[2024-11-29 10:00:02] [CRITICAL] Ошибка привязки сокета: Address already in use
[2024-11-29 10:05:37] [ERROR] Ошибка получения значений вектора.
[2024-11-29 10:05:54] [ERROR] Ошибка получения значений вектора.
[2024-11-29 10:09:40] [CRITICAL] Ошибка привязки сокета: Address already in use
[2024-11-29 10:10:16] [ERROR] Ошибка получения значений вектора.
[2024-11-29 10:19:09] [CRITICAL] Ошибка привязки сокета: Address already in use
[2024-11-29 10:28:08] [CRITICAL] Ошибка привязки сокета: Address already in use
[2024-11-29 10:28:38] [ERROR] Ошибка при получении значений вектора.
[2024-11-29 10:29:09] [ERROR] Ошибка при получении размера вектора.
[2024-11-29 10:33:15] [CRITICAL] Ошибка привязки сокета: Address already in use
